# GNU Make 3.81
# Copyright (C) 2006  Free Software Foundation, Inc.
# This is free software; see the source for copying conditions.
# There is NO warranty; not even for MERCHANTABILITY or FITNESS FOR A
# PARTICULAR PURPOSE.

# This program built for i386-apple-darwin11.3.0

# Make data base, printed on Fri Jun 11 16:01:53 2021

# Variables

# automatic
<D = $(patsubst %/,%,$(dir $<))
# automatic
?F = $(notdir $?)
# environment
ELECTRON_NO_ATTACH_CONSOLE = 1
# environment
LC_CTYPE = UTF-8
# environment
VSCODE_LOG_NATIVE = false
# automatic
?D = $(patsubst %/,%,$(dir $?))
# automatic
@D = $(patsubst %/,%,$(dir $@))
# automatic
@F = $(notdir $@)
# makefile
CURDIR := /Users/georgetegral/dev/me/udacitydevopsazure/udacity-cicd-pipeline-azure
# makefile
SHELL = /bin/sh
# environment
VSCODE_NLS_CONFIG = {"locale":"en-us","availableLanguages":{},"_languagePackSupport":true}
# environment
_ = /usr/bin/make
# makefile (from `Makefile', line 1)
MAKEFILE_LIST :=  Makefile
# environment
VSCODE_NODE_CACHED_DATA_DIR = /Users/georgetegral/Library/Application Support/Code/CachedData/b4c1bd0a9b03c749ea011b06c6d2676c8091a70c
# environment
VSCODE_VERBOSE_LOGGING = true
# environment
__CFBundleIdentifier = com.apple.Terminal
# environment
VSCODE_IPC_HOOK_EXTHOST = /var/folders/s_/7cdt76nd0zd4d2zjf64gf8740000gn/T/vscode-ipc-0a632120-6b69-4066-aaaa-49db968a99af.sock
# environment
VSCODE_CWD = /Users/georgetegral/dev/me/udacitydevopsazure/udacity-cicd-pipeline-azure
# environment
PATH = /usr/local/bin:/usr/bin:/bin:/usr/sbin:/sbin:/usr/local/share/dotnet:~/.dotnet/tools:/Library/Apple/usr/bin:/Library/Frameworks/Mono.framework/Versions/Current/Commands
# environment
LSCOLORS = Gxfxcxdxbxegedabagacad
# environment
VSCODE_LOG_STACK = false
# environment
ELECTRON_RUN_AS_NODE = 1
# default
.FEATURES := target-specific order-only second-expansion else-if archives jobserver check-symlink
# environment
SSH_AUTH_SOCK = /private/tmp/com.apple.launchd.aiuFj3m6yF/Listeners
# automatic
%F = $(notdir $%)
# environment
VSCODE_PIPE_LOGGING = true
# environment
PWD = /Users/georgetegral/dev/me/udacitydevopsazure/udacity-cicd-pipeline-azure
# environment
ORIGINAL_XDG_CURRENT_DESKTOP = undefined
# environment
VSCODE_AMD_ENTRYPOINT = vs/workbench/services/extensions/node/extensionHostProcess
# environment
HOME = /Users/georgetegral
# default
MAKEFILEPATH := /Applications/Xcode.app/Contents/Developer/Makefiles
# environment
VSCODE_CLI = 1
# environment
LOGNAME = georgetegral
# environment
APPLICATION_INSIGHTS_NO_DIAGNOSTIC_CHANNEL = true
# environment
ZSH = /Users/georgetegral/.oh-my-zsh
# environment
VSCODE_HANDLES_UNCAUGHT_ERRORS = true
# automatic
^D = $(patsubst %/,%,$(dir $^))
# environment
XPC_FLAGS = 0x0
# default
MAKE = $(MAKE_COMMAND)
# default
MAKECMDGOALS := all
# environment
SHLVL = 3
# default
MAKE_VERSION := 3.81
# environment
USER = georgetegral
# makefile
.DEFAULT_GOAL := setup
# environment
TERM_SESSION_ID = 28EC26D1-8B4C-42A4-8EC6-7DE554876CA0
# environment
LESS = -R
# automatic
%D = $(patsubst %/,%,$(dir $%))
# default
MAKE_COMMAND := /Applications/Xcode.app/Contents/Developer/usr/bin/make
# environment
TERM_PROGRAM = Apple_Terminal
# default
.VARIABLES := 
# environment
TMPDIR = /var/folders/s_/7cdt76nd0zd4d2zjf64gf8740000gn/T/
# automatic
*F = $(notdir $*)
# environment
VSCODE_IPC_HOOK = /Users/georgetegral/Library/Application Support/Code/1.57.0-main.sock
# makefile
MAKEFLAGS = Rrqp
# environment
MFLAGS = -Rrqp
# automatic
*D = $(patsubst %/,%,$(dir $*))
# environment
TERM_PROGRAM_VERSION = 440
# environment
XPC_SERVICE_NAME = 0
# automatic
+D = $(patsubst %/,%,$(dir $+))
# automatic
+F = $(notdir $+)
# environment
__CF_USER_TEXT_ENCODING = 0x1F5:0x0:0x0
# default
MAKEFILES := 
# automatic
<F = $(notdir $<)
# environment
PAGER = less
# environment
LC_ALL = C
# automatic
^F = $(notdir $^)
# default
SUFFIXES := 
# default
.INCLUDE_DIRS = /usr/local/include
# environment
MAKELEVEL := 0
# environment
LANG = C
# environment
TERM = xterm-256color
# environment
VSCODE_PID = 51001
# variable set hash-table stats:
# Load=72/1024=7%, Rehash=0, Collisions=1/98=1%

# Pattern-specific Variable Values

# No pattern-specific variable values.

# Directories

# . (device 16777220, inode 9756311): 14 files, no impossibilities.

# 14 files, no impossibilities in 1 directories.

# Implicit Rules

# No implicit rules.

# Files

setup:
#  Implicit rule search has not been done.
#  Modification time never checked.
#  File has not been updated.
#  commands to execute (from `Makefile', line 2):
	python3 -m venv ~/.udacity-devops
	

all: install lint test
#  Command-line target.
#  Implicit rule search has been done.
#  File does not exist.
#  File has been updated.
#  Needs to be updated (-q is set).
# variable set hash-table stats:
# Load=0/32=0%, Rehash=0, Collisions=0/2=0%

# Not a target:
.SUFFIXES:
#  Implicit rule search has not been done.
#  Modification time never checked.
#  File has not been updated.

# Not a target:
Makefile:
#  Implicit rule search has been done.
#  Last modified 2021-06-11 16:00:37
#  File has been updated.
#  Successfully updated.
# variable set hash-table stats:
# Load=0/32=0%, Rehash=0, Collisions=0/0=0%

test:
#  Implicit rule search has not been done.
#  Modification time never checked.
#  File has not been updated.
#  commands to execute (from `Makefile', line 9):
	#python -m pytest -vv --cov=myrepolib tests/*.py
	#python -m pytest --nbval notebook.ipynb
	

# Not a target:
.DEFAULT:
#  Implicit rule search has not been done.
#  Modification time never checked.
#  File has not been updated.

lint:
#  Implicit rule search has not been done.
#  Modification time never checked.
#  File has not been updated.
#  commands to execute (from `Makefile', line 14):
	#hadolint Dockerfile #uncomment to explore linting Dockerfiles
	pylint --disable=R,C,W1203 app.py
	

install:
#  Implicit rule search has not been done.
#  Implicit/static pattern stem: `'
#  File does not exist.
#  File has been updated.
#  Needs to be updated (-q is set).
# automatic
# @ := install
# automatic
# % := 
# automatic
# * := 
# automatic
# + := 
# automatic
# | := 
# automatic
# < := 
# automatic
# ^ := 
# automatic
# ? := 
# variable set hash-table stats:
# Load=8/32=25%, Rehash=0, Collisions=1/10=10%
#  commands to execute (from `Makefile', line 5):
	pip install --upgrade pip &&\
	pip install -r requirements.txt
	

# files hash-table stats:
# Load=8/1024=1%, Rehash=0, Collisions=0/25=0%
# VPATH Search Paths

# No `vpath' search paths.

# No general (`VPATH' variable) search path.

# # of strings in strcache: 1
# # of strcache buffers: 1
# strcache size: total = 4096 / max = 4096 / min = 4096 / avg = 4096
# strcache free: total = 4087 / max = 4087 / min = 4087 / avg = 4087

# Finished Make data base on Fri Jun 11 16:01:53 2021

 
